3328  2020-04-23 09:25:37,430 INFO create_logger 19 ::: ******************log file created*****************
3328  2020-04-23 09:25:37,430 INFO get_config 14 ::: ******************confReader.py start executing*****************
3328  2020-04-23 09:25:37,430 INFO get_config 31 ::: ************ confReader.py executed successfully ***************
3328  2020-04-23 09:25:37,430 INFO create_logger 19 ::: ******************log file created*****************
3328  2020-04-23 09:25:37,430 INFO get_config 14 ::: ******************confReader.py start executing*****************
3328  2020-04-23 09:25:37,431 INFO get_config 31 ::: ************ confReader.py executed successfully ***************
3328  2020-04-23 09:25:37,432 INFO main 70 ::: config file data :: {'inputdbprop': {'hostname': 'localhost', 'dbname': 'nse', 'dbusername': 'nse', 'dbpassword': 'Happy123'}, 'tablename': 'nsesignals', 'sqlconnection': '../sql/nsesignals.sql', 'requirements': '../lib/requirements.txt'}
3328  2020-04-23 09:25:37,432 INFO sys_installed_packages 15 ::: ******************packageInstallation.py start executing*****************
3328  2020-04-23 09:25:38,286 INFO sys_installed_packages 26 ::: ******************pip or pip3 is checking already installed packages in system ******************
3328  2020-04-23 09:25:38,287 INFO sys_install_packages 38 ::: ******************collected necessary packages for the smooth execution of the program from requirements.txt file in lib folder******************
3328  2020-04-23 09:25:41,419 INFO sys_install_packages 65 ::: ******************packageInstallation.py completed successfully******************
3328  2020-04-23 09:25:41,419 INFO create_logger 19 ::: ******************log file created*****************
3328  2020-04-23 09:25:41,419 INFO main 55 ::: ******************sqlConnection.py start executing*****************
3328  2020-04-23 09:25:41,419 INFO get_config 14 ::: ******************confReader.py start executing*****************
3328  2020-04-23 09:25:41,420 INFO get_config 31 ::: ************ confReader.py executed successfully ***************
3328  2020-04-23 09:25:41,420 INFO main 58 ::: config file data :: {'inputdbprop': {'hostname': 'localhost', 'dbname': 'nse', 'dbusername': 'nse', 'dbpassword': 'Happy123'}, 'tablename': 'nsesignals', 'sqlconnection': '../sql/nsesignals.sql', 'requirements': '../lib/requirements.txt'}
3328  2020-04-23 09:25:41,442 INFO sqlConnet 15 ::: ******************connected to mysql******************
3328  2020-04-23 09:25:41,473 INFO tableCreation 37 ::: ******************mysql database created***************
3328  2020-04-23 09:25:41,473 INFO tableCreation 38 ::: query == CREATE DATABASE  IF NOT EXISTS `nse`
3328  2020-04-23 09:25:41,488 INFO tableCreation 40 ::: ******************mysql table created******************
3328  2020-04-23 09:25:41,489 INFO tableCreation 41 ::: query == CREATE TABLE IF NOT EXISTS `nsesignals` (`symbol` varchar(16) NOT NULL PRIMARY KEY,`series` varchar(16) NOT NULL,`timestamp` datetime NOT NULL,`close_adj` double DEFAULT NULL,`prev_close_adj` double DEFAULT NULL,`money_flow_index` double DEFAULT NULL,`money_flow_index_decisions` varchar(45) DEFAULT NULL,`accumulation_distribution` double DEFAULT NULL,`accumulation_distribution_decisions` varchar(45) DEFAULT NULL,`on_balance_volume` double DEFAULT NULL,`on_balance_volume_decisions` varchar(45) DEFAULT NULL,`ease_of_movement` double DEFAULT NULL,`ease_of_movement_decisions` varchar(45) DEFAULT NULL,`exponential_moving_average` double DEFAULT NULL,`exponential_moving_average_decisions` varchar(45) DEFAULT NULL,`momentum` double DEFAULT NULL,`momentum_decisions` varchar(45) DEFAULT NULL,`chaikin_oscillator` double DEFAULT NULL,`chaikin_oscillator_decisions` varchar(45) DEFAULT NULL,`bollinger_bands_m` double DEFAULT NULL,`bollinger_bands_u` double DEFAULT NULL,`bollinger_bands_d` double DEFAULT NULL,`bollinger_bands_decisions` varchar(45) DEFAULT NULL,`bollinger_bands_per` double DEFAULT NULL,`bollinger_bands_per_decisions` varchar(45) DEFAULT NULL,`williams_ad` double DEFAULT NULL,`williams_ad_decisions` varchar(45) DEFAULT NULL,`williams_r_per` double DEFAULT NULL,`williams_r_per_decisions` varchar(45) DEFAULT NULL,`trix` double DEFAULT NULL,`trix_decisions` varchar(45) DEFAULT NULL,`ultimate_oscillator` double DEFAULT NULL,`ultimate_oscillator_decisions` varchar(45) DEFAULT NULL,`true_strength_index` double DEFAULT NULL,`true_strength_index_decisions` varchar(45) DEFAULT NULL,`force_index` double DEFAULT NULL,`force_index_decisions` varchar(45) DEFAULT NULL,`coppock_curve` double DEFAULT NULL,`coppock_curve_decisions` varchar(45) DEFAULT NULL,`chaikin_money_flow` double DEFAULT NULL,`chaikin_money_flow_decisions` varchar(45) DEFAULT NULL,`keltner_channel_m` double DEFAULT NULL,`keltner_channel_u` double DEFAULT NULL,`keltner_channel_d` double DEFAULT NULL,`keltner_channel_decisions` varchar(45) DEFAULT NULL,`vortex_indicator_plus` double DEFAULT NULL,`vortex_indicator_minus` double DEFAULT NULL,`vortex_indicator_decisions` varchar(45) DEFAULT NULL,`know_sure_thing_oscillator` double DEFAULT NULL,`know_sure_thing_oscillator_decisions` varchar(45) DEFAULT NULL,`rate_of_change` double DEFAULT NULL,`rate_of_change_decisions` varchar(45) DEFAULT NULL,`piv_po` double DEFAULT NULL,`r1` double DEFAULT NULL,`r2` double DEFAULT NULL,`r3` double DEFAULT NULL,`s1` double DEFAULT NULL,`s2` double DEFAULT NULL,`s3` double DEFAULT NULL,`piv_po_decisions` varchar(45) DEFAULT NULL,`stochastic_oscillator_k` double DEFAULT NULL,`stochastic_oscillator_d` double DEFAULT NULL,`stochastic_oscillator_decisions` varchar(45) DEFAULT NULL,`commodity_chan_ind` double DEFAULT NULL,`commodity_chan_ind_decisions` varchar(45) DEFAULT NULL,`awesome_oscillator` double DEFAULT NULL,`awesome_oscillator_decisions` varchar(45) DEFAULT NULL,`detrended_price_oscillator` double DEFAULT NULL,`detrended_price_oscillator_decisions` varchar(45) DEFAULT NULL,`directional_movement_adx` double DEFAULT NULL,`directional_movement_net_di` double DEFAULT NULL,`directional_movement_oscillator_decisions` varchar(45) DEFAULT NULL,`elders_force_index` double DEFAULT NULL,`elders_force_index_decisions` varchar(45) DEFAULT NULL,`upper_envelope` double DEFAULT NULL,`lower_envelope` double DEFAULT NULL,`envelope_decisions` varchar(45) DEFAULT NULL,`acceleration_bands_middle` double DEFAULT NULL,`acceleration_bands_upper` double DEFAULT NULL,`acceleration_bands_lower` double DEFAULT NULL,`acceleration_bands_decisions` varchar(45) DEFAULT NULL,`price_channel_high` double DEFAULT NULL,`price_channel_low` double DEFAULT NULL,`price_channel_center` double DEFAULT NULL,`price_channel_decisions` varchar(45) DEFAULT NULL,`percentage_price_oscillator` double DEFAULT NULL,`percentage_price_oscillator_signal` double DEFAULT NULL,`percentage_price_oscillator_hist` double DEFAULT NULL,`percentage_price_oscillator_decisions` varchar(45) DEFAULT NULL,`price_momentum_oscillator` double DEFAULT NULL,`price_momentum_oscillator_signal` double DEFAULT NULL,`price_momentum_oscillator_decisions` varchar(45) DEFAULT NULL,`ichimoku_lead_span1` double DEFAULT NULL,`ichimoku_lead_span2` double DEFAULT NULL,`ichimoku_lead_decisions` varchar(45) DEFAULT NULL,`macd` double DEFAULT NULL,`macd_signal` double DEFAULT NULL,`macd_decisions` varchar(45) DEFAULT NULL,`relative_strength_index` double DEFAULT NULL,`relative_strength_index_decisions` varchar(45) DEFAULT NULL,`typical_price` double DEFAULT NULL,`typical_price_decisions` varchar(45) DEFAULT NULL,`uptrend_high` double DEFAULT NULL,`uptrend_low` double DEFAULT NULL,`downtrend_low` double DEFAULT NULL,`downtrend_high` double DEFAULT NULL,`trendline_decisions` varchar(45) DEFAULT NULL,`aroon_oscillator` double DEFAULT NULL,`aroon_oscillator_decisions` varchar(45) DEFAULT NULL,`aroon_up` double DEFAULT NULL,`aroon_down` double DEFAULT NULL,`aroon_decisions` varchar(45) DEFAULT NULL,`donchian_channel` double DEFAULT NULL,`donchian_channel_decisions` varchar(45) DEFAULT NULL,`mass_index` double DEFAULT NULL,`calc_ulcer_index` double DEFAULT NULL,`chaikin_volatility` double DEFAULT NULL,`average_true_range` double DEFAULT NULL,`standard_deviation` double DEFAULT NULL,`parabolic_sar_raise` double DEFAULT NULL,`parabolic_sar_fall` double DEFAULT NULL,`volatility` double DEFAULT NULL,`quadrant_range_1` double DEFAULT NULL,`quadrant_range_2` double DEFAULT NULL,`quadrant_range_3` double DEFAULT NULL,`quadrant_range_4` double DEFAULT NULL,`quadrant_range_5` double DEFAULT NULL,`drawdown` double DEFAULT NULL,`heikin_close` double DEFAULT NULL,`heikin_open` double DEFAULT NULL,`heikin_low` double DEFAULT NULL,`heikin_high` double DEFAULT NULL) ENGINE=InnoDB DEFAULT CHARSET=utf8mb4 COLLATE=utf8mb4_0900_ai_ci
3328  2020-04-23 09:25:41,489 INFO tableCreation 47 ::: ******************sqlConnection.py execution completed******************
3328  2020-04-23 09:25:41,490 INFO create_logger 19 ::: ******************log file created*****************
3328  2020-04-23 09:25:41,490 INFO get_config 14 ::: ******************confReader.py start executing*****************
3328  2020-04-23 09:25:41,490 INFO get_config 31 ::: ************ confReader.py executed successfully ***************
3328  2020-04-23 09:25:41,490 INFO main 1313 ::: config file data :: {'inputdbprop': {'hostname': 'localhost', 'dbname': 'nse', 'dbusername': 'nse', 'dbpassword': 'Happy123'}, 'tablename': 'nsesignals', 'sqlconnection': '../sql/nsesignals.sql', 'requirements': '../lib/requirements.txt'}
3328  2020-04-23 09:25:41,501 INFO db_connet 1241 ::: ******************connected to output table in mysql******************
3328  2020-04-23 09:25:41,501 INFO getSignals 1250 ::: ******************get signal execution started***********************
3328  2020-04-23 09:25:41,502 INFO getSignals 1255 ::: *******************Database connection established********************
3328  2020-04-23 09:26:22,750 INFO getSignals 1259 ::: ****************Required data fetched from database*********************
3328  2020-04-23 09:26:23,524 INFO getSignals 1264 ::: *************************Function for signal mining created******************
3328  2020-04-23 09:26:23,572 ERROR getSignals 1306 ::: error ::-1
Traceback (most recent call last):
  File "D:\signals and decisions\bin\getSignals.py", line 1281, in getSignals
    tp=generatesignals(df[df.symbol==sym].sort_values('timestamp').reset_index(drop=True),sym)
  File "D:\signals and decisions\bin\getSignals.py", line 33, in generatesignals
    closeadj=c[-1]
  File "C:\Users\sainikeshk\AppData\Roaming\Python\Python37\site-packages\pandas\core\series.py", line 871, in __getitem__
    result = self.index.get_value(self, key)
  File "C:\Users\sainikeshk\AppData\Roaming\Python\Python37\site-packages\pandas\core\indexes\base.py", line 4404, in get_value
    return self._engine.get_value(s, k, tz=getattr(series.dtype, "tz", None))
  File "pandas\_libs\index.pyx", line 80, in pandas._libs.index.IndexEngine.get_value
  File "pandas\_libs\index.pyx", line 90, in pandas._libs.index.IndexEngine.get_value
  File "pandas\_libs\index.pyx", line 138, in pandas._libs.index.IndexEngine.get_loc
  File "pandas\_libs\hashtable_class_helper.pxi", line 998, in pandas._libs.hashtable.Int64HashTable.get_item
  File "pandas\_libs\hashtable_class_helper.pxi", line 1005, in pandas._libs.hashtable.Int64HashTable.get_item
KeyError: -1
